Running checking once all websites for all users now...
mbularz95@interia.pl
Checking website: https://nsmaszyny.pl
Updating status of https://nsmaszyny.pl with code 200 completed.

Checking website: http://bebny-drewniane.pl
Updating status of http://bebny-drewniane.pl with code 301 completed.

Checking website: http://liber-dzwigi.pl
Updating status of http://liber-dzwigi.pl with code 200 completed.

Checking website: http://tartak-kus.pl
Updating status of http://tartak-kus.pl with code 301 completed.

Checking website: http://pinnex.pl
Updating status of http://pinnex.pl with code 301 completed.

Checking website: http://mbularz.pl
Checking website: http://mbularz.pl
website http://mbularz.pl not working
not working now and didn't worked last time
Updating status of http://mbularz.pl with code -1 completed.

Checking website: http://test2.pl
Checking website: http://test2.pl
website http://test2.pl not working
not working now and didn't worked last time
Updating status of http://test2.pl with code -1 completed.

test@example.com
Checking website: http://usuwanie-subitu.pl
Updating status of http://usuwanie-subitu.pl with code 301 completed.

Checking website: http://krysmet-krakow.pl
Updating status of http://krysmet-krakow.pl with code 301 completed.

Checking website: http://agroserwis-dulowa.pl
Updating status of http://agroserwis-dulowa.pl with code 301 completed.

Checking website: http://pinnex.pl
Updating status of http://pinnex.pl with code 301 completed.

Checking website: https://ozemont.pl
Updating status of https://ozemont.pl with code 200 completed.

test3@example.com
Checking website: http://chabruk-chrzanow.pl
Updating status of http://chabruk-chrzanow.pl with code 200 completed.

Checking website: http://wama-krakow.pl
Updating status of http://wama-krakow.pl with code 200 completed.

test4@example.com
Checking website: http://eurocars.pl
Updating status of http://eurocars.pl with code 200 completed.

Checking website: http://panorama-krakow.com.pl
Checking website: http://panorama-krakow.com.pl
website http://panorama-krakow.com.pl not working
not working now and didn't worked last time
Updating status of http://panorama-krakow.com.pl with code -1 completed.

Checking website: http://www.projbudsc.pl
Updating status of http://www.projbudsc.pl with code 301 completed.

test5@example.com
Checking website: http://www.remal-tarnow.pl
Updating status of http://www.remal-tarnow.pl with code 200 completed.

test6@example.com
Checking website: http://www.szot-jurkow.pl
Updating status of http://www.szot-jurkow.pl with code 200 completed.

Checking website: http://trans-dar.pl
Updating status of http://trans-dar.pl with code 200 completed.

Updating all pages completed
